2025-03-07T17:02:07.839+05:30  INFO 2660 --- [AddressBookApp] [restartedMain] c.e.a.AddressBookAppApplication          : Starting AddressBookAppApplication using Java 23.0.2 with PID 2660 (D:\SpringBoot\addressbookapp\target\classes started by root in D:\SpringBoot\addressbookapp)
2025-03-07T17:02:07.841+05:30 DEBUG 2660 --- [AddressBookApp] [restartedMain] c.e.a.AddressBookAppApplication          : Running with Spring Boot v3.4.3, Spring v6.2.3
2025-03-07T17:02:07.842+05:30  INFO 2660 --- [AddressBookApp] [restartedMain] c.e.a.AddressBookAppApplication          : The following 1 profile is active: "dev"
2025-03-07T17:02:11.195+05:30  WARN 2660 --- [AddressBookApp] [restartedMain] JpaBaseConfiguration$JpaWebConfiguration : spring.jpa.open-in-view is enabled by default. Therefore, database queries may be performed during view rendering. Explicitly configure spring.jpa.open-in-view to disable this warning
2025-03-07T17:02:11.731+05:30  WARN 2660 --- [AddressBookApp] [restartedMain] o.s.b.d.a.OptionalLiveReloadServer       : Unable to start LiveReload server
2025-03-07T17:02:11.797+05:30  INFO 2660 --- [AddressBookApp] [restartedMain] c.e.a.AddressBookAppApplication          : Started AddressBookAppApplication in 4.408 seconds (process running for 4.877)
2025-03-07T17:02:11.802+05:30  INFO 2660 --- [AddressBookApp] [restartedMain] c.e.a.AddressBookAppApplication          : Employee Payroll App Started in dev environment
2025-03-07T17:03:19.087+05:30  INFO 7620 --- [AddressBookApp] [restartedMain] c.e.a.AddressBookAppApplication          : Starting AddressBookAppApplication using Java 23.0.2 with PID 7620 (D:\SpringBoot\addressbookapp\target\classes started by root in D:\SpringBoot\addressbookapp)
2025-03-07T17:03:19.090+05:30 DEBUG 7620 --- [AddressBookApp] [restartedMain] c.e.a.AddressBookAppApplication          : Running with Spring Boot v3.4.3, Spring v6.2.3
2025-03-07T17:03:19.091+05:30  INFO 7620 --- [AddressBookApp] [restartedMain] c.e.a.AddressBookAppApplication          : The following 1 profile is active: "dev"
2025-03-07T17:03:22.707+05:30  WARN 7620 --- [AddressBookApp] [restartedMain] JpaBaseConfiguration$JpaWebConfiguration : spring.jpa.open-in-view is enabled by default. Therefore, database queries may be performed during view rendering. Explicitly configure spring.jpa.open-in-view to disable this warning
2025-03-07T17:03:23.124+05:30  WARN 7620 --- [AddressBookApp] [restartedMain] o.s.b.d.a.OptionalLiveReloadServer       : Unable to start LiveReload server
2025-03-07T17:03:23.172+05:30  INFO 7620 --- [AddressBookApp] [restartedMain] c.e.a.AddressBookAppApplication          : Started AddressBookAppApplication in 4.537 seconds (process running for 4.99)
2025-03-07T17:03:23.176+05:30  INFO 7620 --- [AddressBookApp] [restartedMain] c.e.a.AddressBookAppApplication          : Employee Payroll App Started in dev environment
2025-03-07T17:03:54.274+05:30  INFO 9524 --- [AddressBookApp] [restartedMain] c.e.a.AddressBookAppApplication          : Starting AddressBookAppApplication using Java 23.0.2 with PID 9524 (D:\SpringBoot\addressbookapp\target\classes started by root in D:\SpringBoot\addressbookapp)
2025-03-07T17:03:54.276+05:30 DEBUG 9524 --- [AddressBookApp] [restartedMain] c.e.a.AddressBookAppApplication          : Running with Spring Boot v3.4.3, Spring v6.2.3
2025-03-07T17:03:54.277+05:30  INFO 9524 --- [AddressBookApp] [restartedMain] c.e.a.AddressBookAppApplication          : The following 1 profile is active: "dev"
2025-03-07T17:03:57.623+05:30  WARN 9524 --- [AddressBookApp] [restartedMain] JpaBaseConfiguration$JpaWebConfiguration : spring.jpa.open-in-view is enabled by default. Therefore, database queries may be performed during view rendering. Explicitly configure spring.jpa.open-in-view to disable this warning
2025-03-07T17:03:58.030+05:30  WARN 9524 --- [AddressBookApp] [restartedMain] o.s.b.d.a.OptionalLiveReloadServer       : Unable to start LiveReload server
2025-03-07T17:03:58.076+05:30  INFO 9524 --- [AddressBookApp] [restartedMain] c.e.a.AddressBookAppApplication          : Started AddressBookAppApplication in 4.239 seconds (process running for 4.684)
2025-03-07T17:03:58.081+05:30  INFO 9524 --- [AddressBookApp] [restartedMain] c.e.a.AddressBookAppApplication          : Address Book App Started in dev environment
2025-03-07T19:47:31.595+05:30  INFO 6780 --- [AddressBookApp] [restartedMain] c.e.a.AddressBookAppApplication          : Starting AddressBookAppApplication using Java 23.0.2 with PID 6780 (D:\SpringBoot\addressbookapp\target\classes started by root in D:\SpringBoot\addressbookapp)
2025-03-07T19:47:32.163+05:30 DEBUG 6780 --- [AddressBookApp] [restartedMain] c.e.a.AddressBookAppApplication          : Running with Spring Boot v3.4.3, Spring v6.2.3
2025-03-07T19:47:32.164+05:30  INFO 6780 --- [AddressBookApp] [restartedMain] c.e.a.AddressBookAppApplication          : The following 1 profile is active: "dev"
2025-03-07T19:47:39.515+05:30  WARN 6780 --- [AddressBookApp] [restartedMain] JpaBaseConfiguration$JpaWebConfiguration : spring.jpa.open-in-view is enabled by default. Therefore, database queries may be performed during view rendering. Explicitly configure spring.jpa.open-in-view to disable this warning
2025-03-07T19:47:40.400+05:30  INFO 6780 --- [AddressBookApp] [restartedMain] c.e.a.AddressBookAppApplication          : Started AddressBookAppApplication in 9.746 seconds (process running for 10.801)
2025-03-07T19:47:40.406+05:30  INFO 6780 --- [AddressBookApp] [restartedMain] c.e.a.AddressBookAppApplication          : Address Book App Started in dev environment
2025-03-09T20:04:38.772+05:30  INFO 4984 --- [AddressBookApp] [restartedMain] c.e.a.AddressBookAppApplication          : Starting AddressBookAppApplication using Java 23.0.1 with PID 4984 (C:\Diksha\SpringBoot\addressbookapp\target\classes started by root in C:\Diksha\SpringBoot\addressbookapp)
2025-03-09T20:04:38.775+05:30 DEBUG 4984 --- [AddressBookApp] [restartedMain] c.e.a.AddressBookAppApplication          : Running with Spring Boot v3.4.3, Spring v6.2.3
2025-03-09T20:04:38.776+05:30  INFO 4984 --- [AddressBookApp] [restartedMain] c.e.a.AddressBookAppApplication          : The following 1 profile is active: "dev"
2025-03-09T20:04:43.353+05:30 ERROR 4984 --- [AddressBookApp] [restartedMain] o.h.engine.jdbc.spi.SqlExceptionHelper   : Unknown database 'addressbook_db'
2025-03-09T20:04:45.092+05:30 ERROR 4984 --- [AddressBookApp] [restartedMain] o.h.engine.jdbc.spi.SqlExceptionHelper   : Unknown database 'addressbook_db'
2025-03-09T20:04:45.114+05:30 ERROR 4984 --- [AddressBookApp] [restartedMain] j.LocalContainerEntityManagerFactoryBean : Failed to initialize JPA EntityManagerFactory: [PersistenceUnit: default] Unable to build Hibernate SessionFactory; nested exception is org.hibernate.exception.SQLGrammarException: Unable to open JDBC Connection for DDL execution [Unknown database 'addressbook_db'] [n/a]
2025-03-09T20:04:45.115+05:30  WARN 4984 --- [AddressBookApp] [restartedMain] ConfigServletWebServerApplicationContext : Exception encountered during context initialization - cancelling refresh attempt: org.springframework.beans.factory.BeanCreationException: Error creating bean with name 'entityManagerFactory' defined in class path resource [org/springframework/boot/autoconfigure/orm/jpa/HibernateJpaConfiguration.class]: [PersistenceUnit: default] Unable to build Hibernate SessionFactory; nested exception is org.hibernate.exception.SQLGrammarException: Unable to open JDBC Connection for DDL execution [Unknown database 'addressbook_db'] [n/a]
2025-03-09T20:04:45.183+05:30 ERROR 4984 --- [AddressBookApp] [restartedMain] o.s.boot.SpringApplication               : Application run failed

org.springframework.beans.factory.BeanCreationException: Error creating bean with name 'entityManagerFactory' defined in class path resource [org/springframework/boot/autoconfigure/orm/jpa/HibernateJpaConfiguration.class]: [PersistenceUnit: default] Unable to build Hibernate SessionFactory; nested exception is org.hibernate.exception.SQLGrammarException: Unable to open JDBC Connection for DDL execution [Unknown database 'addressbook_db'] [n/a]
	at org.springframework.beans.factory.support.AbstractAutowireCapableBeanFactory.initializeBean(AbstractAutowireCapableBeanFactory.java:1812) ~[spring-beans-6.2.3.jar:6.2.3]
	at org.springframework.beans.factory.support.AbstractAutowireCapableBeanFactory.doCreateBean(AbstractAutowireCapableBeanFactory.java:601) ~[spring-beans-6.2.3.jar:6.2.3]
	at org.springframework.beans.factory.support.AbstractAutowireCapableBeanFactory.createBean(AbstractAutowireCapableBeanFactory.java:523) ~[spring-beans-6.2.3.jar:6.2.3]
	at org.springframework.beans.factory.support.AbstractBeanFactory.lambda$doGetBean$0(AbstractBeanFactory.java:339) ~[spring-beans-6.2.3.jar:6.2.3]
	at org.springframework.beans.factory.support.DefaultSingletonBeanRegistry.getSingleton(DefaultSingletonBeanRegistry.java:346) ~[spring-beans-6.2.3.jar:6.2.3]
	at org.springframework.beans.factory.support.AbstractBeanFactory.doGetBean(AbstractBeanFactory.java:337) ~[spring-beans-6.2.3.jar:6.2.3]
	at org.springframework.beans.factory.support.AbstractBeanFactory.getBean(AbstractBeanFactory.java:207) ~[spring-beans-6.2.3.jar:6.2.3]
	at org.springframework.context.support.AbstractApplicationContext.finishBeanFactoryInitialization(AbstractApplicationContext.java:970) ~[spring-context-6.2.3.jar:6.2.3]
	at org.springframework.context.support.AbstractApplicationContext.refresh(AbstractApplicationContext.java:627) ~[spring-context-6.2.3.jar:6.2.3]
	at org.springframework.boot.web.servlet.context.ServletWebServerApplicationContext.refresh(ServletWebServerApplicationContext.java:146) ~[spring-boot-3.4.3.jar:3.4.3]
	at org.springframework.boot.SpringApplication.refresh(SpringApplication.java:752) ~[spring-boot-3.4.3.jar:3.4.3]
	at org.springframework.boot.SpringApplication.refreshContext(SpringApplication.java:439) ~[spring-boot-3.4.3.jar:3.4.3]
	at org.springframework.boot.SpringApplication.run(SpringApplication.java:318) ~[spring-boot-3.4.3.jar:3.4.3]
	at org.springframework.boot.SpringApplication.run(SpringApplication.java:1361) ~[spring-boot-3.4.3.jar:3.4.3]
	at org.springframework.boot.SpringApplication.run(SpringApplication.java:1350) ~[spring-boot-3.4.3.jar:3.4.3]
	at com.example.addressbookapp.AddressBookAppApplication.main(AddressBookAppApplication.java:13) ~[classes/:na]
	at java.base/jdk.internal.reflect.DirectMethodHandleAccessor.invoke(DirectMethodHandleAccessor.java:103) ~[na:na]
	at java.base/java.lang.reflect.Method.invoke(Method.java:580) ~[na:na]
	at org.springframework.boot.devtools.restart.RestartLauncher.run(RestartLauncher.java:50) ~[spring-boot-devtools-3.4.3.jar:3.4.3]
Caused by: jakarta.persistence.PersistenceException: [PersistenceUnit: default] Unable to build Hibernate SessionFactory; nested exception is org.hibernate.exception.SQLGrammarException: Unable to open JDBC Connection for DDL execution [Unknown database 'addressbook_db'] [n/a]
	at org.springframework.orm.jpa.AbstractEntityManagerFactoryBean.buildNativeEntityManagerFactory(AbstractEntityManagerFactoryBean.java:431) ~[spring-orm-6.2.3.jar:6.2.3]
	at org.springframework.orm.jpa.AbstractEntityManagerFactoryBean.afterPropertiesSet(AbstractEntityManagerFactoryBean.java:400) ~[spring-orm-6.2.3.jar:6.2.3]
	at org.springframework.orm.jpa.LocalContainerEntityManagerFactoryBean.afterPropertiesSet(LocalContainerEntityManagerFactoryBean.java:366) ~[spring-orm-6.2.3.jar:6.2.3]
	at org.springframework.beans.factory.support.AbstractAutowireCapableBeanFactory.invokeInitMethods(AbstractAutowireCapableBeanFactory.java:1859) ~[spring-beans-6.2.3.jar:6.2.3]
	at org.springframework.beans.factory.support.AbstractAutowireCapableBeanFactory.initializeBean(AbstractAutowireCapableBeanFactory.java:1808) ~[spring-beans-6.2.3.jar:6.2.3]
	... 18 common frames omitted
Caused by: org.hibernate.exception.SQLGrammarException: Unable to open JDBC Connection for DDL execution [Unknown database 'addressbook_db'] [n/a]
	at org.hibernate.exception.internal.SQLExceptionTypeDelegate.convert(SQLExceptionTypeDelegate.java:66) ~[hibernate-core-6.6.8.Final.jar:6.6.8.Final]
	at org.hibernate.exception.internal.StandardSQLExceptionConverter.convert(StandardSQLExceptionConverter.java:58) ~[hibernate-core-6.6.8.Final.jar:6.6.8.Final]
	at org.hibernate.engine.jdbc.spi.SqlExceptionHelper.convert(SqlExceptionHelper.java:108) ~[hibernate-core-6.6.8.Final.jar:6.6.8.Final]
	at org.hibernate.engine.jdbc.spi.SqlExceptionHelper.convert(SqlExceptionHelper.java:94) ~[hibernate-core-6.6.8.Final.jar:6.6.8.Final]
	at org.hibernate.resource.transaction.backend.jdbc.internal.DdlTransactionIsolatorNonJtaImpl.getIsolatedConnection(DdlTransactionIsolatorNonJtaImpl.java:74) ~[hibernate-core-6.6.8.Final.jar:6.6.8.Final]
	at org.hibernate.resource.transaction.backend.jdbc.internal.DdlTransactionIsolatorNonJtaImpl.getIsolatedConnection(DdlTransactionIsolatorNonJtaImpl.java:39) ~[hibernate-core-6.6.8.Final.jar:6.6.8.Final]
	at org.hibernate.tool.schema.internal.exec.ImprovedExtractionContextImpl.getJdbcConnection(ImprovedExtractionContextImpl.java:63) ~[hibernate-core-6.6.8.Final.jar:6.6.8.Final]
	at org.hibernate.tool.schema.internal.exec.ImprovedExtractionContextImpl.getJdbcDatabaseMetaData(ImprovedExtractionContextImpl.java:70) ~[hibernate-core-6.6.8.Final.jar:6.6.8.Final]
	at org.hibernate.tool.schema.extract.internal.InformationExtractorJdbcDatabaseMetaDataImpl.processTableResultSet(InformationExtractorJdbcDatabaseMetaDataImpl.java:65) ~[hibernate-core-6.6.8.Final.jar:6.6.8.Final]
	at org.hibernate.tool.schema.extract.internal.AbstractInformationExtractorImpl.getTables(AbstractInformationExtractorImpl.java:570) ~[hibernate-core-6.6.8.Final.jar:6.6.8.Final]
	at org.hibernate.tool.schema.extract.internal.DatabaseInformationImpl.getTablesInformation(DatabaseInformationImpl.java:122) ~[hibernate-core-6.6.8.Final.jar:6.6.8.Final]
	at org.hibernate.tool.schema.internal.GroupedSchemaMigratorImpl.performTablesMigration(GroupedSchemaMigratorImpl.java:72) ~[hibernate-core-6.6.8.Final.jar:6.6.8.Final]
	at org.hibernate.tool.schema.internal.AbstractSchemaMigrator.performMigration(AbstractSchemaMigrator.java:233) ~[hibernate-core-6.6.8.Final.jar:6.6.8.Final]
	at org.hibernate.tool.schema.internal.AbstractSchemaMigrator.doMigration(AbstractSchemaMigrator.java:112) ~[hibernate-core-6.6.8.Final.jar:6.6.8.Final]
	at org.hibernate.tool.schema.spi.SchemaManagementToolCoordinator.performDatabaseAction(SchemaManagementToolCoordinator.java:280) ~[hibernate-core-6.6.8.Final.jar:6.6.8.Final]
	at org.hibernate.tool.schema.spi.SchemaManagementToolCoordinator.lambda$process$5(SchemaManagementToolCoordinator.java:144) ~[hibernate-core-6.6.8.Final.jar:6.6.8.Final]
	at java.base/java.util.HashMap.forEach(HashMap.java:1430) ~[na:na]
	at org.hibernate.tool.schema.spi.SchemaManagementToolCoordinator.process(SchemaManagementToolCoordinator.java:141) ~[hibernate-core-6.6.8.Final.jar:6.6.8.Final]
	at org.hibernate.boot.internal.SessionFactoryObserverForSchemaExport.sessionFactoryCreated(SessionFactoryObserverForSchemaExport.java:37) ~[hibernate-core-6.6.8.Final.jar:6.6.8.Final]
	at org.hibernate.internal.SessionFactoryObserverChain.sessionFactoryCreated(SessionFactoryObserverChain.java:35) ~[hibernate-core-6.6.8.Final.jar:6.6.8.Final]
	at org.hibernate.internal.SessionFactoryImpl.<init>(SessionFactoryImpl.java:324) ~[hibernate-core-6.6.8.Final.jar:6.6.8.Final]
	at org.hibernate.boot.internal.SessionFactoryBuilderImpl.build(SessionFactoryBuilderImpl.java:463) ~[hibernate-core-6.6.8.Final.jar:6.6.8.Final]
	at org.hibernate.jpa.boot.internal.EntityManagerFactoryBuilderImpl.build(EntityManagerFactoryBuilderImpl.java:1517) ~[hibernate-core-6.6.8.Final.jar:6.6.8.Final]
	at org.springframework.orm.jpa.vendor.SpringHibernateJpaPersistenceProvider.createContainerEntityManagerFactory(SpringHibernateJpaPersistenceProvider.java:66) ~[spring-orm-6.2.3.jar:6.2.3]
	at org.springframework.orm.jpa.LocalContainerEntityManagerFactoryBean.createNativeEntityManagerFactory(LocalContainerEntityManagerFactoryBean.java:390) ~[spring-orm-6.2.3.jar:6.2.3]
	at org.springframework.orm.jpa.AbstractEntityManagerFactoryBean.buildNativeEntityManagerFactory(AbstractEntityManagerFactoryBean.java:419) ~[spring-orm-6.2.3.jar:6.2.3]
	... 22 common frames omitted
Caused by: java.sql.SQLSyntaxErrorException: Unknown database 'addressbook_db'
	at com.mysql.cj.jdbc.exceptions.SQLError.createSQLException(SQLError.java:112) ~[mysql-connector-j-9.1.0.jar:9.1.0]
	at com.mysql.cj.jdbc.exceptions.SQLExceptionsMapping.translateException(SQLExceptionsMapping.java:114) ~[mysql-connector-j-9.1.0.jar:9.1.0]
	at com.mysql.cj.jdbc.ConnectionImpl.createNewIO(ConnectionImpl.java:837) ~[mysql-connector-j-9.1.0.jar:9.1.0]
	at com.mysql.cj.jdbc.ConnectionImpl.<init>(ConnectionImpl.java:420) ~[mysql-connector-j-9.1.0.jar:9.1.0]
	at com.mysql.cj.jdbc.ConnectionImpl.getInstance(ConnectionImpl.java:238) ~[mysql-connector-j-9.1.0.jar:9.1.0]
	at com.mysql.cj.jdbc.NonRegisteringDriver.connect(NonRegisteringDriver.java:180) ~[mysql-connector-j-9.1.0.jar:9.1.0]
	at com.zaxxer.hikari.util.DriverDataSource.getConnection(DriverDataSource.java:137) ~[HikariCP-5.1.0.jar:na]
	at com.zaxxer.hikari.pool.PoolBase.newConnection(PoolBase.java:360) ~[HikariCP-5.1.0.jar:na]
	at com.zaxxer.hikari.pool.PoolBase.newPoolEntry(PoolBase.java:202) ~[HikariCP-5.1.0.jar:na]
	at com.zaxxer.hikari.pool.HikariPool.createPoolEntry(HikariPool.java:461) ~[HikariCP-5.1.0.jar:na]
	at com.zaxxer.hikari.pool.HikariPool.checkFailFast(HikariPool.java:550) ~[HikariCP-5.1.0.jar:na]
	at com.zaxxer.hikari.pool.HikariPool.<init>(HikariPool.java:98) ~[HikariCP-5.1.0.jar:na]
	at com.zaxxer.hikari.HikariDataSource.getConnection(HikariDataSource.java:111) ~[HikariCP-5.1.0.jar:na]
	at org.hibernate.engine.jdbc.connections.internal.DatasourceConnectionProviderImpl.getConnection(DatasourceConnectionProviderImpl.java:126) ~[hibernate-core-6.6.8.Final.jar:6.6.8.Final]
	at org.hibernate.engine.jdbc.env.internal.JdbcEnvironmentInitiator$ConnectionProviderJdbcConnectionAccess.obtainConnection(JdbcEnvironmentInitiator.java:467) ~[hibernate-core-6.6.8.Final.jar:6.6.8.Final]
	at org.hibernate.resource.transaction.backend.jdbc.internal.DdlTransactionIsolatorNonJtaImpl.getIsolatedConnection(DdlTransactionIsolatorNonJtaImpl.java:46) ~[hibernate-core-6.6.8.Final.jar:6.6.8.Final]
	... 43 common frames omitted

2025-03-09T20:07:38.751+05:30  INFO 8992 --- [AddressBookApp] [restartedMain] c.e.a.AddressBookAppApplication          : Starting AddressBookAppApplication using Java 23.0.1 with PID 8992 (C:\Diksha\SpringBoot\addressbookapp\target\classes started by root in C:\Diksha\SpringBoot\addressbookapp)
2025-03-09T20:07:38.754+05:30 DEBUG 8992 --- [AddressBookApp] [restartedMain] c.e.a.AddressBookAppApplication          : Running with Spring Boot v3.4.3, Spring v6.2.3
2025-03-09T20:07:38.755+05:30  INFO 8992 --- [AddressBookApp] [restartedMain] c.e.a.AddressBookAppApplication          : The following 1 profile is active: "dev"
2025-03-09T20:07:43.519+05:30  WARN 8992 --- [AddressBookApp] [restartedMain] JpaBaseConfiguration$JpaWebConfiguration : spring.jpa.open-in-view is enabled by default. Therefore, database queries may be performed during view rendering. Explicitly configure spring.jpa.open-in-view to disable this warning
2025-03-09T20:07:44.214+05:30  INFO 8992 --- [AddressBookApp] [restartedMain] c.e.a.AddressBookAppApplication          : Started AddressBookAppApplication in 6.068 seconds (process running for 6.73)
2025-03-09T20:07:44.220+05:30  INFO 8992 --- [AddressBookApp] [restartedMain] c.e.a.AddressBookAppApplication          : Address Book App Started in dev environment
2025-03-09T20:08:27.409+05:30  WARN 8992 --- [AddressBookApp] [http-nio-8080-exec-9] .m.m.a.ExceptionHandlerExceptionResolver : Resolved [jakarta.servlet.ServletException: Handler dispatch failed: java.lang.NoSuchMethodError: 'void org.springframework.web.method.ControllerAdviceBean.<init>(java.lang.Object)']
2025-03-09T20:11:27.439+05:30  INFO 7832 --- [AddressBookApp] [restartedMain] c.e.a.AddressBookAppApplication          : Starting AddressBookAppApplication using Java 23.0.1 with PID 7832 (C:\Diksha\SpringBoot\addressbookapp\target\classes started by root in C:\Diksha\SpringBoot\addressbookapp)
2025-03-09T20:11:27.441+05:30 DEBUG 7832 --- [AddressBookApp] [restartedMain] c.e.a.AddressBookAppApplication          : Running with Spring Boot v3.4.3, Spring v6.2.3
2025-03-09T20:11:27.441+05:30  INFO 7832 --- [AddressBookApp] [restartedMain] c.e.a.AddressBookAppApplication          : The following 1 profile is active: "dev"
2025-03-09T20:11:31.593+05:30  WARN 7832 --- [AddressBookApp] [restartedMain] JpaBaseConfiguration$JpaWebConfiguration : spring.jpa.open-in-view is enabled by default. Therefore, database queries may be performed during view rendering. Explicitly configure spring.jpa.open-in-view to disable this warning
2025-03-09T20:11:32.375+05:30  INFO 7832 --- [AddressBookApp] [restartedMain] c.e.a.AddressBookAppApplication          : Started AddressBookAppApplication in 5.605 seconds (process running for 6.17)
2025-03-09T20:11:32.384+05:30  INFO 7832 --- [AddressBookApp] [restartedMain] c.e.a.AddressBookAppApplication          : Address Book App Started in dev environment
